<?xml version="1.0" encoding="UTF-8"?>
<!-- Generated by org.testng.reporters.JUnitReportReporter -->
<testsuite hostname="LAPTOP-GJUQBFPT" failures="0" tests="1" name="testrunner.testRunner" time="17.563" errors="0" timestamp="2022-06-13T21:21:37 IST" skipped="0">
  <testcase classname="testrunner.testRunner" name="runScenario" time="17.563"/>
  <system-out/>
</testsuite> <!-- testrunner.testRunner -->
